<?xml version="1.0" encoding="UTF-8"?>
<testsuite name="DeviceTest" tests="6" skipped="0" failures="0" errors="0" timestamp="2020-08-24T07:15:38" hostname="Lenovo-PC" time="0.009">
  <properties/>
  <testcase name="testDevicePolymorphism" classname="DeviceTest" time="0.004"/>
  <testcase name="testMethodName" classname="DeviceTest" time="0.0"/>
  <testcase name="testGateAND" classname="DeviceTest" time="0.002"/>
  <testcase name="testGateNOT" classname="DeviceTest" time="0.0"/>
  <testcase name="testIPinAndOPin" classname="DeviceTest" time="0.001"/>
  <testcase name="testGateOR" classname="DeviceTest" time="0.0"/>
  <system-out><![CDATA[]]></system-out>
  <system-err><![CDATA[]]></system-err>
</testsuite>
